Crashlog created at 2012-12-14 17:19:38 -0600

=== MESSAGE:

Sass::SyntaxError: File to import not found or unreadable: compass/reset.
Load path: /Users/adamyonk/.code/adamyonk/adamyonk/src

=== COMPILATION STACK:

  - [item]   /stylesheets/jahnke/ (rep default)

=== BACKTRACE:

  0. content/stylesheets/jahnke.sass:4
  1. /Users/adamyonk/.rbenv/versions/1.9.3-p327-perf/lib/ruby/gems/1.9.1/gems/sass-3.2.3/lib/sass/tree/import_node.rb:67:in `rescue in import'
  2. /Users/adamyonk/.rbenv/versions/1.9.3-p327-perf/lib/ruby/gems/1.9.1/gems/sass-3.2.3/lib/sass/tree/import_node.rb:45:in `import'
  3. /Users/adamyonk/.rbenv/versions/1.9.3-p327-perf/lib/ruby/gems/1.9.1/gems/sass-3.2.3/lib/sass/tree/import_node.rb:28:in `imported_file'
  4. /Users/adamyonk/.rbenv/versions/1.9.3-p327-perf/lib/ruby/gems/1.9.1/gems/sass-3.2.3/lib/sass/tree/import_node.rb:37:in `css_import?'
  5. /Users/adamyonk/.rbenv/versions/1.9.3-p327-perf/lib/ruby/gems/1.9.1/gems/sass-3.2.3/lib/sass/tree/visitors/perform.rb:215:in `visit_import'
  6. /Users/adamyonk/.rbenv/versions/1.9.3-p327-perf/lib/ruby/gems/1.9.1/gems/sass-3.2.3/lib/sass/tree/visitors/base.rb:37:in `visit'
  7. /Users/adamyonk/.rbenv/versions/1.9.3-p327-perf/lib/ruby/gems/1.9.1/gems/sass-3.2.3/lib/sass/tree/visitors/perform.rb:98:in `visit'
  8. /Users/adamyonk/.rbenv/versions/1.9.3-p327-perf/lib/ruby/gems/1.9.1/gems/sass-3.2.3/lib/sass/tree/visitors/base.rb:53:in `block in visit_children'
  9. /Users/adamyonk/.rbenv/versions/1.9.3-p327-perf/lib/ruby/gems/1.9.1/gems/sass-3.2.3/lib/sass/tree/visitors/base.rb:53:in `map'
  10. /Users/adamyonk/.rbenv/versions/1.9.3-p327-perf/lib/ruby/gems/1.9.1/gems/sass-3.2.3/lib/sass/tree/visitors/base.rb:53:in `visit_children'
  11. /Users/adamyonk/.rbenv/versions/1.9.3-p327-perf/lib/ruby/gems/1.9.1/gems/sass-3.2.3/lib/sass/tree/visitors/perform.rb:107:in `block in visit_children'
  12. /Users/adamyonk/.rbenv/versions/1.9.3-p327-perf/lib/ruby/gems/1.9.1/gems/sass-3.2.3/lib/sass/tree/visitors/perform.rb:119:in `with_environment'
  13. /Users/adamyonk/.rbenv/versions/1.9.3-p327-perf/lib/ruby/gems/1.9.1/gems/sass-3.2.3/lib/sass/tree/visitors/perform.rb:106:in `visit_children'
  14. /Users/adamyonk/.rbenv/versions/1.9.3-p327-perf/lib/ruby/gems/1.9.1/gems/sass-3.2.3/lib/sass/tree/visitors/base.rb:37:in `block in visit'
  15. /Users/adamyonk/.rbenv/versions/1.9.3-p327-perf/lib/ruby/gems/1.9.1/gems/sass-3.2.3/lib/sass/tree/visitors/perform.rb:126:in `visit_root'
  16. /Users/adamyonk/.rbenv/versions/1.9.3-p327-perf/lib/ruby/gems/1.9.1/gems/sass-3.2.3/lib/sass/tree/visitors/base.rb:37:in `visit'
  17. /Users/adamyonk/.rbenv/versions/1.9.3-p327-perf/lib/ruby/gems/1.9.1/gems/sass-3.2.3/lib/sass/tree/visitors/perform.rb:98:in `visit'
  18. /Users/adamyonk/.rbenv/versions/1.9.3-p327-perf/lib/ruby/gems/1.9.1/gems/sass-3.2.3/lib/sass/tree/visitors/perform.rb:7:in `visit'
  19. /Users/adamyonk/.rbenv/versions/1.9.3-p327-perf/lib/ruby/gems/1.9.1/gems/sass-3.2.3/lib/sass/tree/root_node.rb:20:in `render'
  20. /Users/adamyonk/.rbenv/versions/1.9.3-p327-perf/lib/ruby/gems/1.9.1/gems/sass-3.2.3/lib/sass/engine.rb:315:in `_render'
  21. /Users/adamyonk/.rbenv/versions/1.9.3-p327-perf/lib/ruby/gems/1.9.1/gems/sass-3.2.3/lib/sass/engine.rb:262:in `render'
  22. /Users/adamyonk/.rbenv/versions/1.9.3-p327-perf/lib/ruby/gems/1.9.1/gems/nanoc-3.4.3/lib/nanoc/filters/sass.rb:62:in `run'
  23. /Users/adamyonk/.rbenv/versions/1.9.3-p327-perf/lib/ruby/gems/1.9.1/gems/nanoc-3.4.3/lib/nanoc/base/result_data/item_rep.rb:348:in `filter'
  24. /Users/adamyonk/.rbenv/versions/1.9.3-p327-perf/lib/ruby/gems/1.9.1/gems/nanoc-3.4.3/lib/nanoc/base/compilation/item_rep_proxy.rb:47:in `filter'
  25. /Users/adamyonk/.rbenv/versions/1.9.3-p327-perf/lib/ruby/gems/1.9.1/gems/nanoc-3.4.3/lib/nanoc/base/compilation/rule_context.rb:55:in `filter'
  26. ./Rules:26:in `block in load'
  27. /Users/adamyonk/.rbenv/versions/1.9.3-p327-perf/lib/ruby/gems/1.9.1/gems/nanoc-3.4.3/lib/nanoc/base/compilation/rule.rb:68:in `instance_eval'
  28. /Users/adamyonk/.rbenv/versions/1.9.3-p327-perf/lib/ruby/gems/1.9.1/gems/nanoc-3.4.3/lib/nanoc/base/compilation/rule.rb:68:in `apply_to'
  29. /Users/adamyonk/.rbenv/versions/1.9.3-p327-perf/lib/ruby/gems/1.9.1/gems/nanoc-3.4.3/lib/nanoc/base/compilation/compiler.rb:383:in `compile_rep'
  30. /Users/adamyonk/.rbenv/versions/1.9.3-p327-perf/lib/ruby/gems/1.9.1/gems/nanoc-3.4.3/lib/nanoc/base/compilation/compiler.rb:339:in `block in compile_reps'
  31. /Users/adamyonk/.rbenv/versions/1.9.3-p327-perf/lib/ruby/gems/1.9.1/gems/nanoc-3.4.3/lib/nanoc/base/compilation/compiler.rb:332:in `loop'
  32. /Users/adamyonk/.rbenv/versions/1.9.3-p327-perf/lib/ruby/gems/1.9.1/gems/nanoc-3.4.3/lib/nanoc/base/compilation/compiler.rb:332:in `compile_reps'
  33. /Users/adamyonk/.rbenv/versions/1.9.3-p327-perf/lib/ruby/gems/1.9.1/gems/nanoc-3.4.3/lib/nanoc/base/compilation/compiler.rb:89:in `run'
  34. /Users/adamyonk/.rbenv/versions/1.9.3-p327-perf/lib/ruby/gems/1.9.1/gems/nanoc-3.4.3/lib/nanoc/base/source_data/site.rb:58:in `compile'
  35. /Users/adamyonk/.rbenv/versions/1.9.3-p327-perf/lib/ruby/gems/1.9.1/gems/nanoc-3.4.3/lib/nanoc/cli/commands/compile.rb:62:in `run'
  36. /Users/adamyonk/.rbenv/versions/1.9.3-p327-perf/lib/ruby/gems/1.9.1/gems/nanoc-3.4.3/lib/nanoc/cli/command_runner.rb:14:in `block in call'
  37. /Users/adamyonk/.rbenv/versions/1.9.3-p327-perf/lib/ruby/gems/1.9.1/gems/nanoc-3.4.3/lib/nanoc/cli/error_handler.rb:63:in `handle_while'
  38. /Users/adamyonk/.rbenv/versions/1.9.3-p327-perf/lib/ruby/gems/1.9.1/gems/nanoc-3.4.3/lib/nanoc/cli/error_handler.rb:26:in `handle_while'
  39. /Users/adamyonk/.rbenv/versions/1.9.3-p327-perf/lib/ruby/gems/1.9.1/gems/nanoc-3.4.3/lib/nanoc/cli/command_runner.rb:13:in `call'
  40. /Users/adamyonk/.rbenv/versions/1.9.3-p327-perf/lib/ruby/gems/1.9.1/gems/cri-2.3.0/lib/cri/command_dsl.rb:185:in `block in runner'
  41. /Users/adamyonk/.rbenv/versions/1.9.3-p327-perf/lib/ruby/gems/1.9.1/gems/cri-2.3.0/lib/cri/command.rb:296:in `call'
  42. /Users/adamyonk/.rbenv/versions/1.9.3-p327-perf/lib/ruby/gems/1.9.1/gems/cri-2.3.0/lib/cri/command.rb:296:in `run_this'
  43. /Users/adamyonk/.rbenv/versions/1.9.3-p327-perf/lib/ruby/gems/1.9.1/gems/cri-2.3.0/lib/cri/command.rb:249:in `run'
  44. /Users/adamyonk/.rbenv/versions/1.9.3-p327-perf/lib/ruby/gems/1.9.1/gems/cri-2.3.0/lib/cri/command.rb:262:in `run'
  45. /Users/adamyonk/.rbenv/versions/1.9.3-p327-perf/lib/ruby/gems/1.9.1/gems/nanoc-3.4.3/lib/nanoc/cli.rb:52:in `block in run'
  46. /Users/adamyonk/.rbenv/versions/1.9.3-p327-perf/lib/ruby/gems/1.9.1/gems/nanoc-3.4.3/lib/nanoc/cli/error_handler.rb:63:in `handle_while'
  47. /Users/adamyonk/.rbenv/versions/1.9.3-p327-perf/lib/ruby/gems/1.9.1/gems/nanoc-3.4.3/lib/nanoc/cli/error_handler.rb:26:in `handle_while'
  48. /Users/adamyonk/.rbenv/versions/1.9.3-p327-perf/lib/ruby/gems/1.9.1/gems/nanoc-3.4.3/lib/nanoc/cli.rb:50:in `run'
  49. /Users/adamyonk/.rbenv/versions/1.9.3-p327-perf/lib/ruby/gems/1.9.1/gems/nanoc-3.4.3/bin/nanoc:19:in `<top (required)>'
  50. /Users/adamyonk/.rbenv/versions/1.9.3-p327-perf/bin/nanoc:23:in `load'
  51. /Users/adamyonk/.rbenv/versions/1.9.3-p327-perf/bin/nanoc:23:in `<main>'

=== VERSION INFORMATION:

nanoc 3.4.3 © 2007-2012 Denis Defreyne.
Running ruby 1.9.3 (2012-11-10) on x86_64-darwin12.2.0 with RubyGems 1.8.23.

=== SYSTEM INFORMATION:

Darwin adamyonk.local 12.2.0 Darwin Kernel Version 12.2.0: Sat Aug 25 00:48:52 PDT 2012; root:xnu-2050.18.24~1/RELEASE_X86_64 x86_64

=== INSTALLED GEMS:

  builder 3.1.4
  bundler 1.2.3
  chunky_png 1.2.6
  coffee-script 2.2.0
  coffee-script-source 1.3.3
  colored 1.2
  compass 0.12.2
  cri 2.3.0
  execjs 1.4.0
  fssm 0.2.9
  haml 3.1.7
  mime-types 1.19
  multi_json 1.4.0
  nanoc 3.4.3
  puma 1.6.3
  rack 1.4.1
  rake 10.0.3
  rdiscount 1.6.8
  sass 3.2.3

=== ENVIRONMENT:

Apple_PubSub_Socket_Render => "/tmp/launch-03yGRi/Render"
Apple_Ubiquity_Message => "/tmp/launch-JNrV6G/Apple_Ubiquity_Message"
BUNDLE_BIN_PATH => "/Users/adamyonk/.rbenv/versions/1.9.3-p327-perf/lib/ruby/gems/1.9.1/gems/bundler-1.2.3/bin/bundle"
BUNDLE_GEMFILE => "/Users/adamyonk/.code/adamyonk/adamyonk/src/Gemfile"
CLICOLOR => "true"
COMMAND_MODE => "unix2003"
DNSIMPLE_DOMAIN_ID => "adamyonk.com"
DNSIMPLE_LOGIN => "adamyonk@me.com"
DNSIMPLE_PASSWORD => "j@hnk3"
DNSIMPLE_RECORD_ID => "276142"
DOTFILES => "/Users/adamyonk/.dotfiles"
DROPBOX_USER_ID => "1318799"
EDITOR => "mvim -v"
GEM_HOME => "/Users/adamyonk/.rbenv/versions/1.9.3-p327-perf/lib/ruby/gems/1.9.1"
GEM_PATH => "/Users/adamyonk/.rbenv/versions/1.9.3-p327-perf/lib/ruby/gems/1.9.1:/Users/adamyonk/.gem/ruby/1.9.1"
GHI_TOKEN => "819422eb42f5ac3a914038e6307e47d4b667227b"
GITHUB_TOKEN => "6e12e5e981f652327d1f3560c877fdc4"
GITHUB_USER => "adamyonk"
GIT_EDITOR => "mvim -v"
GIT_SANDBOX => "/Users/adamyonk/.code/sandbox"
HOME => "/Users/adamyonk"
ITERM_PROFILE => "Solarized Light"
ITERM_SESSION_ID => "w0t0p0"
LANG => "en_US.UTF-8"
LOGNAME => "adamyonk"
LSCOLORS => "exfxcxdxbxegedabagacad"
NGINX_PATH => "/opt/nginx"
NODE_PATH => "/usr/local/lib/node_modules"
PATH => "/Users/adamyonk/.rbenv/versions/1.9.3-p327-perf/lib/ruby/gems/1.9.1/bin:/Users/adamyonk/.rbenv/versions/1.9.3-p327-perf/bin:/Users/adamyonk/.rbenv/libexec:/Users/adamyonk/.rbenv/plugins/ruby-build/bin:/Users/adamyonk/.rbenv/shims:./bin:/Users/adamyonk/.rbenv/bin:/Users/adamyonk/.dotfiles/bin:/usr/local/bin:/usr/local/sbin:/usr/bin:/usr/sbin:/bin:/sbin"
PGDATA => "/usr/local/var/postgres"
PROJECTS => "/Users/adamyonk/.code"
PROMPT => "%{\e[01;31m%}✖  %{\e[00m%}"
PROMPT_COLOR => "red"
PWD => "/Users/adamyonk/.code/adamyonk/adamyonk/src"
RBENV_DIR => "/Users/adamyonk/.code/adamyonk/adamyonk/src"
RBENV_HOOK_PATH => ":/Users/adamyonk/.rbenv/rbenv.d:/usr/local/etc/rbenv.d:/etc/rbenv.d:/usr/lib/rbenv/hooks"
RBENV_ROOT => "/Users/adamyonk/.rbenv"
RDIO_KEY => "ba26t5md2hbf67yztkmtmf87"
RDIO_SECRET => "3dSDBTtVbd"
RPROMPT => "%{\e[01;33m%}%c%{\e[00m%} master %{\e[31m%}±%{\e[00m%}"
RUBYOPT => "-I/Users/adamyonk/.rbenv/versions/1.9.3-p327-perf/lib/ruby/gems/1.9.1/gems/bundler-1.2.3/lib -rbundler/setup"
RUBY_GC_MALLOC_LIMIT => "1000000000"
RUBY_HEAP_FREE_MIN => "500000"
RUBY_HEAP_MIN_SLOTS => "1000000"
RUBY_HEAP_SLOTS_GROWTH_FACTOR => "1"
RUBY_HEAP_SLOTS_INCREMENT => "1000000"
SHELL => "/bin/zsh"
SHLVL => "3"
SSH_AUTH_SOCK => "/tmp/launch-RDFXJv/Listeners"
TERM => "screen-256color"
TERM_PROGRAM => "iTerm.app"
TMPDIR => "/var/folders/36/11twtbzs115_w9t_fkq1gvww0000gn/T/"
TMUX => "/var/folders/36/11twtbzs115_w9t_fkq1gvww0000gn/T//tmux-501/default,933,5"
TMUX_PANE => "%28"
USER => "adamyonk"
ZSH => "/Users/adamyonk/.dotfiles/zsh"
__CF_USER_TEXT_ENCODING => "0x1F5:0:0"

=== GEMFILE.LOCK:

GEM
  remote: http://rubygems.org/
  specs:
    builder (3.1.4)
    chunky_png (1.2.6)
    coffee-script (2.2.0)
      coffee-script-source
      execjs
    coffee-script-source (1.3.3)
    colored (1.2)
    compass (0.12.2)
      chunky_png (~> 1.2)
      fssm (>= 0.2.7)
      sass (~> 3.1)
    cri (2.3.0)
      colored (>= 1.2)
    execjs (1.4.0)
      multi_json (~> 1.0)
    fssm (0.2.9)
    haml (3.1.7)
    mime-types (1.19)
    multi_json (1.4.0)
    nanoc (3.4.3)
      cri (~> 2.2)
    puma (1.6.3)
      rack (~> 1.2)
    rack (1.4.1)
    rake (10.0.3)
    rdiscount (1.6.8)
    sass (3.2.3)

PLATFORMS
  ruby

DEPENDENCIES
  builder
  coffee-script
  compass
  cri
  haml
  mime-types
  nanoc
  puma
  rack
  rake
  rdiscount

=== $LOAD_PATH:

  0. /Users/adamyonk/.rbenv/versions/1.9.3-p327-perf/lib/ruby/gems/1.9.1/gems/nanoc-3.4.3/lib
  1. /Users/adamyonk/.rbenv/versions/1.9.3-p327-perf/lib/ruby/gems/1.9.1/gems/rdiscount-1.6.8/lib
  2. /Users/adamyonk/.rbenv/versions/1.9.3-p327-perf/lib/ruby/gems/1.9.1/gems/puma-1.6.3/lib
  3. /Users/adamyonk/.rbenv/versions/1.9.3-p327-perf/lib/ruby/gems/1.9.1/gems/rack-1.4.1/lib
  4. /Users/adamyonk/.rbenv/versions/1.9.3-p327-perf/lib/ruby/gems/1.9.1/gems/nanoc-3.4.3/lib
  5. /Users/adamyonk/.rbenv/versions/1.9.3-p327-perf/lib/ruby/gems/1.9.1/gems/mime-types-1.19/lib
  6. /Users/adamyonk/.rbenv/versions/1.9.3-p327-perf/lib/ruby/gems/1.9.1/gems/haml-3.1.7/lib
  7. /Users/adamyonk/.rbenv/versions/1.9.3-p327-perf/lib/ruby/gems/1.9.1/gems/cri-2.3.0/lib
  8. /Users/adamyonk/.rbenv/versions/1.9.3-p327-perf/lib/ruby/gems/1.9.1/gems/compass-0.12.2/lib
  9. /Users/adamyonk/.rbenv/versions/1.9.3-p327-perf/lib/ruby/gems/1.9.1/gems/sass-3.2.3/lib
  10. /Users/adamyonk/.rbenv/versions/1.9.3-p327-perf/lib/ruby/gems/1.9.1/gems/fssm-0.2.9/lib
  11. /Users/adamyonk/.rbenv/versions/1.9.3-p327-perf/lib/ruby/gems/1.9.1/gems/colored-1.2/lib
  12. /Users/adamyonk/.rbenv/versions/1.9.3-p327-perf/lib/ruby/gems/1.9.1/gems/coffee-script-2.2.0/lib
  13. /Users/adamyonk/.rbenv/versions/1.9.3-p327-perf/lib/ruby/gems/1.9.1/gems/execjs-1.4.0/lib
  14. /Users/adamyonk/.rbenv/versions/1.9.3-p327-perf/lib/ruby/gems/1.9.1/gems/multi_json-1.4.0/lib
  15. /Users/adamyonk/.rbenv/versions/1.9.3-p327-perf/lib/ruby/gems/1.9.1/gems/coffee-script-source-1.3.3/lib
  16. /Users/adamyonk/.rbenv/versions/1.9.3-p327-perf/lib/ruby/gems/1.9.1/gems/chunky_png-1.2.6/lib
  17. /Users/adamyonk/.rbenv/versions/1.9.3-p327-perf/lib/ruby/gems/1.9.1/gems/builder-3.1.4/lib
  18. /Users/adamyonk/.rbenv/versions/1.9.3-p327-perf/lib/ruby/gems/1.9.1/gems/rake-10.0.3/lib
  19. /Users/adamyonk/.rbenv/versions/1.9.3-p327-perf/lib/ruby/gems/1.9.1/gems/bundler-1.2.3/lib
  20. /Users/adamyonk/.rbenv/versions/1.9.3-p327-perf/lib/ruby/site_ruby/1.9.1
  21. /Users/adamyonk/.rbenv/versions/1.9.3-p327-perf/lib/ruby/site_ruby/1.9.1/x86_64-darwin12.2.0
  22. /Users/adamyonk/.rbenv/versions/1.9.3-p327-perf/lib/ruby/site_ruby
  23. /Users/adamyonk/.rbenv/versions/1.9.3-p327-perf/lib/ruby/vendor_ruby/1.9.1
  24. /Users/adamyonk/.rbenv/versions/1.9.3-p327-perf/lib/ruby/vendor_ruby/1.9.1/x86_64-darwin12.2.0
  25. /Users/adamyonk/.rbenv/versions/1.9.3-p327-perf/lib/ruby/vendor_ruby
  26. /Users/adamyonk/.rbenv/versions/1.9.3-p327-perf/lib/ruby/1.9.1
  27. /Users/adamyonk/.rbenv/versions/1.9.3-p327-perf/lib/ruby/1.9.1/x86_64-darwin12.2.0
